# JRE version: Java(TM) SE Runtime Environment (17.0.6+9) (build 17.0.6+9-LTS-190)
# Java VM: Java HotSpot(TM) 64-Bit Server VM (17.0.6+9-LTS-190, mixed mode, sharing, tiered, compressed oops, compressed class ptrs, g1 gc, windows-amd64)
GC Precious Log:
 CPUs: 8 total, 8 available
 Memory: 24359M
 Large Page Support: Disabled
 NUMA Support: Disabled
 Compressed Oops: Enabled (Zero based)
 Heap Region Size: 4M
 Heap Min Capacity: 8M
 Heap Initial Capacity: 384M
 Heap Max Capacity: 6092M
 Pre-touch: Disabled
 Parallel Workers: 8
 Concurrent Workers: 2
 Concurrent Refinement Workers: 8
 Periodic GC: Disabled
Heap:
 garbage-first heap   total 69632K, used 41722K [0x0000000683400000, 0x0000000800000000)
  region size 4096K, 5 young (20480K), 1 survivors (4096K)
 Metaspace       used 77882K, committed 78528K, reserved 1122304K
  class space    used 10684K, committed 11008K, reserved 1048576K
GC Heap History (20 events):
Event: 5.656 GC heap before
{Heap before GC invocations=6 (full 0):
 garbage-first heap   total 69632K, used 17381K [0x0000000683400000, 0x0000000800000000)
  region size 4096K, 3 young (12288K), 2 survivors (8192K)
 Metaspace       used 27674K, committed 28096K, reserved 1081344K
  class space    used 3672K, committed 3840K, reserved 1048576K
}
Event: 5.671 GC heap after
{Heap after GC invocations=7 (full 0):
 garbage-first heap   total 69632K, used 18290K [0x0000000683400000, 0x0000000800000000)
  region size 4096K, 1 young (4096K), 1 survivors (4096K)
 Metaspace       used 27674K, committed 28096K, reserved 1081344K
  class space    used 3672K, committed 3840K, reserved 1048576K
}
Event: 6.686 GC heap before
{Heap before GC invocations=7 (full 0):
 garbage-first heap   total 69632K, used 38770K [0x0000000683400000, 0x0000000800000000)
  region size 4096K, 6 young (24576K), 1 survivors (4096K)
 Metaspace       used 32022K, committed 32448K, reserved 1081344K
  class space    used 4206K, committed 4416K, reserved 1048576K
}
Event: 6.690 GC heap after
{Heap after GC invocations=8 (full 0):
 garbage-first heap   total 69632K, used 19291K [0x0000000683400000, 0x0000000800000000)
  region size 4096K, 1 young (4096K), 1 survivors (4096K)
 Metaspace       used 32022K, committed 32448K, reserved 1081344K
  class space    used 4206K, committed 4416K, reserved 1048576K
}
Event: 7.249 GC heap before
{Heap before GC invocations=8 (full 0):
 garbage-first heap   total 69632K, used 31579K [0x0000000683400000, 0x0000000800000000)
  region size 4096K, 5 young (20480K), 1 survivors (4096K)
 Metaspace       used 35635K, committed 35968K, reserved 1081344K
  class space    used 4776K, committed 4928K, reserved 1048576K
}
Event: 7.252 GC heap after
{Heap after GC invocations=9 (full 0):
 garbage-first heap   total 69632K, used 20060K [0x0000000683400000, 0x0000000800000000)
  region size 4096K, 1 young (4096K), 1 survivors (4096K)
 Metaspace       used 35635K, committed 35968K, reserved 1081344K
  class space    used 4776K, committed 4928K, reserved 1048576K
}
Event: 8.423 GC heap before
{Heap before GC invocations=10 (full 0):
 garbage-first heap   total 69632K, used 44636K [0x0000000683400000, 0x0000000800000000)
  region size 4096K, 7 young (28672K), 1 survivors (4096K)
 Metaspace       used 41622K, committed 42048K, reserved 1089536K
  class space    used 5615K, committed 5824K, reserved 1048576K
}
Event: 8.429 GC heap after
{Heap after GC invocations=11 (full 0):
 garbage-first heap   total 69632K, used 22266K [0x0000000683400000, 0x0000000800000000)
  region size 4096K, 1 young (4096K), 1 survivors (4096K)
 Metaspace       used 41622K, committed 42048K, reserved 1089536K
  class space    used 5615K, committed 5824K, reserved 1048576K
}
Event: 9.434 GC heap before
{Heap before GC invocations=11 (full 0):
 garbage-first heap   total 69632K, used 46842K [0x0000000683400000, 0x0000000800000000)
  region size 4096K, 7 young (28672K), 1 survivors (4096K)
 Metaspace       used 48413K, committed 48832K, reserved 1097728K
  class space    used 6599K, committed 6784K, reserved 1048576K
}
Event: 9.438 GC heap after
{Heap after GC invocations=12 (full 0):
 garbage-first heap   total 69632K, used 23575K [0x0000000683400000, 0x0000000800000000)
  region size 4096K, 1 young (4096K), 1 survivors (4096K)
 Metaspace       used 48413K, committed 48832K, reserved 1097728K
  class space    used 6599K, committed 6784K, reserved 1048576K
}
Event: 10.484 GC heap before
{Heap before GC invocations=12 (full 0):
 garbage-first heap   total 69632K, used 48151K [0x0000000683400000, 0x0000000800000000)
  region size 4096K, 7 young (28672K), 1 survivors (4096K)
 Metaspace       used 55079K, committed 55552K, reserved 1097728K
  class space    used 7618K, committed 7808K, reserved 1048576K
}
Event: 10.486 GC heap after
{Heap after GC invocations=13 (full 0):
 garbage-first heap   total 69632K, used 24442K [0x0000000683400000, 0x0000000800000000)
  region size 4096K, 1 young (4096K), 1 survivors (4096K)
 Metaspace       used 55079K, committed 55552K, reserved 1097728K
  class space    used 7618K, committed 7808K, reserved 1048576K
}
Event: 11.568 GC heap before
{Heap before GC invocations=13 (full 0):
 garbage-first heap   total 69632K, used 44922K [0x0000000683400000, 0x0000000800000000)
  region size 4096K, 7 young (28672K), 1 survivors (4096K)
 Metaspace       used 59834K, committed 60288K, reserved 1105920K
  class space    used 8234K, committed 8448K, reserved 1048576K
}
Event: 11.574 GC heap after
{Heap after GC invocations=14 (full 0):
 garbage-first heap   total 69632K, used 27544K [0x0000000683400000, 0x0000000800000000)
  region size 4096K, 1 young (4096K), 1 survivors (4096K)
 Metaspace       used 59834K, committed 60288K, reserved 1105920K
  class space    used 8234K, committed 8448K, reserved 1048576K
}
Event: 12.687 GC heap before
{Heap before GC invocations=15 (full 0):
 garbage-first heap   total 69632K, used 52120K [0x0000000683400000, 0x0000000800000000)
  region size 4096K, 7 young (28672K), 1 survivors (4096K)
 Metaspace       used 64374K, committed 64896K, reserved 1105920K
  class space    used 8891K, committed 9152K, reserved 1048576K
}
Event: 12.695 GC heap after
{Heap after GC invocations=16 (full 0):
 garbage-first heap   total 69632K, used 29846K [0x0000000683400000, 0x0000000800000000)
  region size 4096K, 1 young (4096K), 1 survivors (4096K)
 Metaspace       used 64374K, committed 64896K, reserved 1105920K
  class space    used 8891K, committed 9152K, reserved 1048576K
}
Event: 52.710 GC heap before
{Heap before GC invocations=17 (full 0):
 garbage-first heap   total 69632K, used 50326K [0x0000000683400000, 0x0000000800000000)
  region size 4096K, 6 young (24576K), 1 survivors (4096K)
 Metaspace       used 68680K, committed 69248K, reserved 1114112K
  class space    used 9426K, committed 9728K, reserved 1048576K
}
Event: 52.718 GC heap after
{Heap after GC invocations=18 (full 0):
 garbage-first heap   total 69632K, used 31492K [0x0000000683400000, 0x0000000800000000)
  region size 4096K, 1 young (4096K), 1 survivors (4096K)
 Metaspace       used 68680K, committed 69248K, reserved 1114112K
  class space    used 9426K, committed 9728K, reserved 1048576K
}
Event: 56.235 GC heap before
{Heap before GC invocations=18 (full 0):
 garbage-first heap   total 69632K, used 47876K [0x0000000683400000, 0x0000000800000000)
  region size 4096K, 5 young (20480K), 1 survivors (4096K)
 Metaspace       used 74505K, committed 75072K, reserved 1114112K
  class space    used 10202K, committed 10496K, reserved 1048576K
}
Event: 56.240 GC heap after
{Heap after GC invocations=19 (full 0):
 garbage-first heap   total 69632K, used 33530K [0x0000000683400000, 0x0000000800000000)
  region size 4096K, 1 young (4096K), 1 survivors (4096K)
 Metaspace       used 74505K, committed 75072K, reserved 1114112K
  class space    used 10202K, committed 10496K, reserved 1048576K
}

